\BOOKMARK [0][-]{part.1}{I Pandas}{}% 1
\BOOKMARK [1][-]{section.1}{Reading CSV files}{part.1}% 2
\BOOKMARK [1][-]{section.2}{What is in this csv file?}{part.1}% 3
\BOOKMARK [0][-]{part.2}{II Selecting and plotting a column}{}% 4
\BOOKMARK [1][-]{subsection.2.1}{Selecting a column from the data frame}{part.2}% 5
\BOOKMARK [1][-]{section.3}{Plotting the data}{part.2}% 6
\BOOKMARK [2][-]{subsection.3.1}{Plotting a column}{section.3}% 7
\BOOKMARK [2][-]{subsection.3.2}{Scatter plot with two columns}{section.3}% 8
\BOOKMARK [2][-]{subsection.3.3}{Plotting histograms}{section.3}% 9
\BOOKMARK [0][-]{part.3}{III Selecting data}{}% 10
\BOOKMARK [1][-]{subsubsection*.1}{Symmetry}{part.3}% 11
\BOOKMARK [2][-]{subsubsection*.2}{Selection of multiple columns}{subsubsection*.1}% 12
\BOOKMARK [3][-]{subsubsection*.3}{Conditional selection}{subsubsection*.2}% 13
\BOOKMARK [1][-]{section.4}{Combination of conditions to select data}{part.3}% 14
\BOOKMARK [2][-]{subsubsection*.4}{Which recordings were done by Jeremy Minns during the year 2002?}{section.4}% 15
\BOOKMARK [1][-]{section.5}{Visualize the distribution of discrete values}{part.3}% 16
\BOOKMARK [2][-]{subsection.5.1}{Who is the recordist with the largest number of observations?}{section.5}% 17
\BOOKMARK [0][-]{part.4}{IV Add new columns}{}% 18
\BOOKMARK [1][-]{section.6}{Determine the climate region of the birds}{part.4}% 19
\BOOKMARK [1][-]{section.7}{Adding columns}{part.4}% 20
\BOOKMARK [1][-]{section.8}{Save as csv}{part.4}% 21
\BOOKMARK [1][-]{section.9}{Group}{part.4}% 22
